00:35:48.695 [main                     ] DEBUG Logger               - Configured Logger
00:35:48.701 [main                     ] DEBUG GameApplication      - Logging settings
Title: Sports Client
Version: 0.0
Width: 800
Height: 600
Fullscreen: false
Intro: false
Profiling: false
Single step:false
App Mode: DEVELOPER
Menu Key: ESCAPE
Stage Style: DECORATED
Scene Factory: class com.almasb.fxgl.app.scene.SceneFactory

00:35:48.998 [JavaFX Application Thread] DEBUG FXGLApplication      - Initializing FXGL
00:35:48.999 [JavaFX Application Thread] INFO  Engine               - FXGL-11.13 (26.01.2021 09.01) on WINDOWS (J:15.0.1 FX:13)
00:35:49.000 [JavaFX Application Thread] DEBUG Engine               - JRE Vendor Name: Oracle Corporation
00:35:49.000 [JavaFX Application Thread] DEBUG Engine               - Running on OS: Windows 10 version 10.0
00:35:49.000 [JavaFX Application Thread] DEBUG Engine               - Architecture: amd64
00:35:49.000 [JavaFX Application Thread] INFO  Engine               - Source code and latest versions at: https://github.com/AlmasB/FXGL
00:35:49.000 [JavaFX Application Thread] INFO  Engine               -              Join the FXGL chat at: https://gitter.im/AlmasB/FXGL
00:35:49.059 [JavaFX Application Thread] DEBUG MainWindow           - Creating a JavaFX scene
00:35:49.092 [JavaFX Application Thread] DEBUG MainWindow           - Target settings size: 800.0 x 600.0
00:35:49.092 [JavaFX Application Thread] DEBUG MainWindow           - Scaled scene size:    800.0 x 600.0
00:35:49.092 [JavaFX Application Thread] DEBUG MainWindow           - Scaled ratio: (1.0, 1.0)
00:35:49.093 [JavaFX Application Thread] DEBUG MainWindow           - Set initial scene to FXGLStartupScene
00:35:49.096 [JavaFX Application Thread] DEBUG MainWindow           - Opening main window
00:35:49.163 [JavaFX Application Thread] DEBUG MainWindow           - Window border size: (16.0, 39.0)
00:35:49.163 [JavaFX Application Thread] DEBUG MainWindow           - Scaled size: 800.0 x 600.0
00:35:49.163 [JavaFX Application Thread] DEBUG MainWindow           - Scaled ratio: (1.0, 1.0)
00:35:49.163 [JavaFX Application Thread] DEBUG MainWindow           - Scene size: 800.0 x 600.0
00:35:49.163 [JavaFX Application Thread] DEBUG MainWindow           - Stage size: 816.0 x 639.0
00:35:49.167 [FXGL Background Thread 1 ] DEBUG Engine               - Initializing environment variables
00:35:49.183 [FXGL Background Thread 1 ] DEBUG GameApplicationServi - Applying CSS: fxgl_dark.css
00:35:49.183 [FXGL Background Thread 1 ] DEBUG FXGLAssetLoaderServi - Loading from file system: /assets/ui/css/fxgl_dark.css
00:35:49.215 [FXGL Background Thread 1 ] DEBUG GameApplicationServi - Initializing application scenes
00:35:49.245 [FXGL Background Thread 1 ] DEBUG GameWorld            - Game world initialized
00:35:49.278 [FXGL Background Thread 1 ] DEBUG PhysicsWorld         - Physics world initialized: appHeight=600, physics.ppm=50.0
00:35:49.280 [FXGL Background Thread 1 ] DEBUG GameScene            - Game scene initialized: 800x600
00:35:49.298 [FXGL Background Thread 1 ] DEBUG FXGLAssetLoaderServi - Loading from file system: /assets/textures/particles/trace_horizontal.png
00:35:49.336 [FXGL Background Thread 1 ] DEBUG FXGL.DefaultMenu     - createMenuBodyGameMenu()
00:35:49.344 [FXGL Background Thread 1 ] DEBUG FXGL.DefaultMenu     - createOptionsMenu()
00:35:49.347 [FXGL Background Thread 1 ] DEBUG FXGLAssetLoaderServi - Loading from file system: /assets/textures/particles/smoke.png
00:35:49.383 [FXGL Background Thread 1 ] DEBUG GameApplicationServi - Application scenes initialized
00:35:49.389 [FXGL Background Thread 1 ] DEBUG SystemBundleService  - Loading FXGL system data
00:35:49.397 [FXGL Background Thread 1 ] DEBUG FileSystemAccess     - Reading from: C:\Users\mikeg\eclipse-workspace\jfxclient\system\fxgl.bundle
00:35:49.403 [FXGL Background Thread 1 ] DEBUG SystemBundleService  - Bundle FXGL: {}
00:35:49.403 [FXGL Background Thread 1 ] DEBUG UpdaterService       - Checking for updates
00:35:49.409 [FXGL Background Thread 4 ] DEBUG FXGLApplication      - Loading fonts
00:35:49.410 [FXGL Background Thread 4 ] DEBUG FXGLAssetLoaderServi - Loading from file system: /assets/ui/fonts/VarelaRound-Regular.ttf
00:35:49.410 [FXGL Background Thread 1 ] DEBUG FXGLApplication      - Loading default localization
00:35:49.410 [FXGL Background Thread 1 ] DEBUG FXGLAssetLoaderServi - Loading from file system: /assets/languages/english.lang
00:35:49.419 [FXGL Background Thread 1 ] INFO  FXGLApplication      - FXGL initialization took: 0.252 sec
00:35:49.419 [JavaFX Application Thread] DEBUG FXGLAssetLoaderServi - Loading from file system: /assets/textures/fxgl_icon.png
00:35:49.436 [JavaFX Application Thread] DEBUG FXGLAssetLoaderServi - Loading from file system: /assets/ui/cursors/fxgl_default.png
00:35:49.445 [JavaFX Application Thread] DEBUG Input                - Registered new binding: Screenshot - P
00:35:49.445 [JavaFX Application Thread] DEBUG Input                - Registered new binding: System info dump - CTRL+9
00:35:49.445 [JavaFX Application Thread] DEBUG Input                - Registered new binding: Restart - CTRL+R
00:35:49.446 [JavaFX Application Thread] DEBUG Input                - Registered new binding: Toggle Debug Camera - CTRL+C
00:35:49.447 [JavaFX Application Thread] DEBUG LoopRunner           - Starting loop
00:35:49.447 [JavaFX Application Thread] DEBUG LoopRunner           - Initializing JavaFX AnimationTimerLoop
00:35:49.448 [JavaFX Application Thread] DEBUG GameApplicationServi - Starting new game
00:35:49.448 [JavaFX Application Thread] DEBUG Input                - Clearing active input actions
00:35:49.457 [FXGL Background Thread 4 ] DEBUG FXGLAssetLoaderServi - Loading from file system: /assets/ui/fonts/Abel-Regular.ttf
00:35:49.459 [JavaFX Application Thread] DEBUG GameApplicationServi - Removing overlay from FXGLStartupScene and adding to FXGLLoadingScene
00:35:49.459 [JavaFX Application Thread] DEBUG MainWindow           - FXGLStartupScene -> FXGLLoadingScene
00:35:49.459 [JavaFX Application Thread] DEBUG GameApplicationServi - Clearing previous game
00:35:49.459 [JavaFX Application Thread] DEBUG GameScene            - Clearing game scene
00:35:49.459 [JavaFX Application Thread] DEBUG GameWorld            - Clearing game world
00:35:49.459 [JavaFX Application Thread] DEBUG PhysicsWorld         - Clearing physics world
00:35:49.460 [FXGL Background Thread 1 ] DEBUG FXGLApplication      - Initializing game
00:35:49.461 [FXGL Background Thread 1 ] INFO  FXGLApplication      - Game initialization took: 0.000 sec
00:35:49.465 [FXGL Background Thread 4 ] DEBUG FXGLAssetLoaderServi - Loading from file system: /assets/ui/fonts/lucida_console.ttf
00:35:49.479 [FXGL Background Thread 4 ] DEBUG FXGLAssetLoaderServi - Loading from file system: /assets/ui/fonts/Courier-Prime.ttf
00:35:49.488 [JavaFX Application Thread] DEBUG Input                - Clearing active input actions
00:35:49.495 [JavaFX Application Thread] DEBUG GameApplicationServi - Removing overlay from FXGLLoadingScene and adding to GameScene
00:35:49.495 [JavaFX Application Thread] DEBUG MainWindow           - FXGLLoadingScene -> GameScene
00:35:49.526 [JavaFX Application Thread] DEBUG FXGLApplication      - Registering font factories with UI factory
00:35:52.405 [FXGL Background Thread 3 ] DEBUG Engine               - Logging environment variables
00:35:52.405 [FXGL Background Thread 3 ] DEBUG Engine               - achievements: []
00:35:52.405 [FXGL Background Thread 3 ] DEBUG Engine               - actualHeight: 600.0
00:35:52.405 [FXGL Background Thread 3 ] DEBUG Engine               - actualHeightProperty: ReadOnlyDoubleProperty [value: 600.0]
00:35:52.405 [FXGL Background Thread 3 ] DEBUG Engine               - actualWidth: 800.0
00:35:52.405 [FXGL Background Thread 3 ] DEBUG Engine               - actualWidthProperty: ReadOnlyDoubleProperty [value: 800.0]
00:35:52.405 [FXGL Background Thread 3 ] DEBUG Engine               - appIcon: fxgl_icon.png
00:35:52.405 [FXGL Background Thread 3 ] DEBUG Engine               - applicationMode: DEVELOPER
00:35:52.405 [FXGL Background Thread 3 ] DEBUG Engine               - cSSList: [fxgl_dark.css]
00:35:52.406 [FXGL Background Thread 3 ] DEBUG Engine               - configClass: Optional.empty
00:35:52.406 [FXGL Background Thread 3 ] DEBUG Engine               - credits: []
00:35:52.406 [FXGL Background Thread 3 ] DEBUG Engine               - devBBoxColorProperty: ObjectProperty [value: 0xff0000ff]
00:35:52.406 [FXGL Background Thread 3 ] DEBUG Engine               - devEnableDebugCameraProperty: BooleanProperty [value: false]
00:35:52.406 [FXGL Background Thread 3 ] DEBUG Engine               - devSensorColorProperty: ObjectProperty [value: 0xffff00ff]
00:35:52.406 [FXGL Background Thread 3 ] DEBUG Engine               - devShowBBoxProperty: BooleanProperty [value: false]
00:35:52.406 [FXGL Background Thread 3 ] DEBUG Engine               - devShowPositionProperty: BooleanProperty [value: false]
00:35:52.406 [FXGL Background Thread 3 ] DEBUG Engine               - enabledMenuItems: []
00:35:52.407 [FXGL Background Thread 3 ] DEBUG Engine               - engineServices: [class com.almasb.fxgl.app.FXGLApplication$GameApplicationService, class com.almasb.fxgl.app.services.FXGLDialogService, class com.almasb.fxgl.app.services.IOTaskExecutorService, class com.almasb.fxgl.event.EventBusService, class com.almasb.fxgl.io.FileSystemService, class com.almasb.fxgl.localization.LocalizationService, class com.almasb.fxgl.app.services.FXGLAssetLoaderService, class com.almasb.fxgl.app.services.SystemBundleService, class com.almasb.fxgl.profile.SaveLoadService, class com.almasb.fxgl.ui.FXGLUIFactoryServiceProvider, class com.almasb.fxgl.ui.FXGLDialogFactoryServiceProvider, class com.almasb.fxgl.audio.AudioPlayer, class com.almasb.fxgl.notification.impl.NotificationServiceProvider, class com.almasb.fxgl.achievement.AchievementService, class com.almasb.fxgl.cutscene.CutsceneService, class com.almasb.fxgl.minigames.MiniGameService, class com.almasb.fxgl.net.NetService, class com.almasb.fxgl.app.services.UpdaterService, class com.almasb.fxgl.dev.DevService]
00:35:52.407 [FXGL Background Thread 3 ] DEBUG Engine               - fontGame: Abel-Regular.ttf
00:35:52.407 [FXGL Background Thread 3 ] DEBUG Engine               - fontMono: lucida_console.ttf
00:35:52.407 [FXGL Background Thread 3 ] DEBUG Engine               - fontText: Courier-Prime.ttf
00:35:52.407 [FXGL Background Thread 3 ] DEBUG Engine               - fontUI: VarelaRound-Regular.ttf
00:35:52.407 [FXGL Background Thread 3 ] DEBUG Engine               - fullScreen: BooleanProperty [value: false]
00:35:52.407 [FXGL Background Thread 3 ] DEBUG Engine               - gameDifficulty: MEDIUM
00:35:52.407 [FXGL Background Thread 3 ] DEBUG Engine               - gameDifficultyProperty: ObjectProperty [value: MEDIUM]
00:35:52.407 [FXGL Background Thread 3 ] DEBUG Engine               - globalMusicVolume: 0.5
00:35:52.407 [FXGL Background Thread 3 ] DEBUG Engine               - globalMusicVolumeProperty: DoubleProperty [value: 0.5]
00:35:52.407 [FXGL Background Thread 3 ] DEBUG Engine               - globalSoundVolume: 0.5
00:35:52.407 [FXGL Background Thread 3 ] DEBUG Engine               - globalSoundVolumeProperty: DoubleProperty [value: 0.5]
00:35:52.407 [FXGL Background Thread 3 ] DEBUG Engine               - height: 600
00:35:52.407 [FXGL Background Thread 3 ] DEBUG Engine               - isAndroid: false
00:35:52.408 [FXGL Background Thread 3 ] DEBUG Engine               - isBrowser: false
00:35:52.408 [FXGL Background Thread 3 ] DEBUG Engine               - isClickFeedbackEnabled: false
00:35:52.408 [FXGL Background Thread 3 ] DEBUG Engine               - isCloseConfirmation: false
00:35:52.408 [FXGL Background Thread 3 ] DEBUG Engine               - isDesktop: true
00:35:52.408 [FXGL Background Thread 3 ] DEBUG Engine               - isDeveloperMenuEnabled: false
00:35:52.408 [FXGL Background Thread 3 ] DEBUG Engine               - isEntityPreloadEnabled: true
00:35:52.408 [FXGL Background Thread 3 ] DEBUG Engine               - isExperimental3D: false
00:35:52.408 [FXGL Background Thread 3 ] DEBUG Engine               - isExperimentalNative: false
00:35:52.408 [FXGL Background Thread 3 ] DEBUG Engine               - isExperimentalTiledLargeMap: false
00:35:52.408 [FXGL Background Thread 3 ] DEBUG Engine               - isFileSystemWriteAllowed: true
00:35:52.408 [FXGL Background Thread 3 ] DEBUG Engine               - isFullScreenAllowed: false
00:35:52.408 [FXGL Background Thread 3 ] DEBUG Engine               - isFullScreenFromStart: false
00:35:52.408 [FXGL Background Thread 3 ] DEBUG Engine               - isGameMenuEnabled: true
00:35:52.408 [FXGL Background Thread 3 ] DEBUG Engine               - isIOS: false
00:35:52.408 [FXGL Background Thread 3 ] DEBUG Engine               - isIntroEnabled: false
00:35:52.408 [FXGL Background Thread 3 ] DEBUG Engine               - isLinux: false
00:35:52.409 [FXGL Background Thread 3 ] DEBUG Engine               - isMac: false
00:35:52.409 [FXGL Background Thread 3 ] DEBUG Engine               - isMainMenuEnabled: false
00:35:52.409 [FXGL Background Thread 3 ] DEBUG Engine               - isManualResizeEnabled: false
00:35:52.409 [FXGL Background Thread 3 ] DEBUG Engine               - isMobile: false
00:35:52.409 [FXGL Background Thread 3 ] DEBUG Engine               - isPreserveResizeRatio: false
00:35:52.409 [FXGL Background Thread 3 ] DEBUG Engine               - isProfilingEnabled: false
00:35:52.409 [FXGL Background Thread 3 ] DEBUG Engine               - isScaleAffectedOnResize: true
00:35:52.409 [FXGL Background Thread 3 ] DEBUG Engine               - isSingleStep: false
00:35:52.409 [FXGL Background Thread 3 ] DEBUG Engine               - isUserProfileEnabled: false
00:35:52.409 [FXGL Background Thread 3 ] DEBUG Engine               - isWindows: true
00:35:52.409 [FXGL Background Thread 3 ] DEBUG Engine               - language: ObjectProperty [value: ENGLISH]
00:35:52.409 [FXGL Background Thread 3 ] DEBUG Engine               - menuKey: ESCAPE
00:35:52.409 [FXGL Background Thread 3 ] DEBUG Engine               - notificationViewClass: class com.almasb.fxgl.notification.view.XboxNotificationView
00:35:52.409 [FXGL Background Thread 3 ] DEBUG Engine               - pixelsPerMeter: 50.0
00:35:52.409 [FXGL Background Thread 3 ] DEBUG Engine               - platform: WINDOWS
00:35:52.410 [FXGL Background Thread 3 ] DEBUG Engine               - prefHeightProperty: ReadOnlyDoubleProperty [value: 600.0]
00:35:52.410 [FXGL Background Thread 3 ] DEBUG Engine               - prefWidthProperty: ReadOnlyDoubleProperty [value: 800.0]
00:35:52.410 [FXGL Background Thread 3 ] DEBUG Engine               - profileDir: profiles/
00:35:52.410 [FXGL Background Thread 3 ] DEBUG Engine               - profileName: StringProperty [value: DEFAULT]
00:35:52.410 [FXGL Background Thread 3 ] DEBUG Engine               - randomSeed: -1
00:35:52.410 [FXGL Background Thread 3 ] DEBUG Engine               - runtimeInfo: RuntimeInfo(platform=WINDOWS, version=11.13, build=26.01.2021 09.01)
00:35:52.410 [FXGL Background Thread 3 ] DEBUG Engine               - saveFileExt: sav
00:35:52.410 [FXGL Background Thread 3 ] DEBUG Engine               - scaledHeightProp$fxgl: DoubleProperty [bound, value: 600.0]
00:35:52.410 [FXGL Background Thread 3 ] DEBUG Engine               - scaledWidthProp$fxgl: DoubleProperty [bound, value: 800.0]
00:35:52.410 [FXGL Background Thread 3 ] DEBUG Engine               - sceneFactory: com.almasb.fxgl.app.scene.SceneFactory@74253bff
00:35:52.410 [FXGL Background Thread 3 ] DEBUG Engine               - secondsIn24h: 60
00:35:52.410 [FXGL Background Thread 3 ] DEBUG Engine               - soundMenuBack: menu/back.wav
00:35:52.410 [FXGL Background Thread 3 ] DEBUG Engine               - soundMenuPress: menu/press.wav
00:35:52.410 [FXGL Background Thread 3 ] DEBUG Engine               - soundMenuSelect: menu/select.wav
00:35:52.410 [FXGL Background Thread 3 ] DEBUG Engine               - soundNotification: core/notification.wav
00:35:52.410 [FXGL Background Thread 3 ] DEBUG Engine               - stageStyle: DECORATED
00:35:52.411 [FXGL Background Thread 3 ] DEBUG Engine               - supportedLanguages: [ENGLISH, FRENCH, GERMAN, HUNGARIAN, RUSSIAN]
00:35:52.411 [FXGL Background Thread 3 ] DEBUG Engine               - ticksPerSecond: -1
00:35:52.411 [FXGL Background Thread 3 ] DEBUG Engine               - title: Sports Client
00:35:52.411 [FXGL Background Thread 3 ] DEBUG Engine               - urlGithub: https://github.com/AlmasB/FXGL
00:35:52.411 [FXGL Background Thread 3 ] DEBUG Engine               - urlLeaderboard: http://fxgl-top.herokuapp.com/
00:35:52.411 [FXGL Background Thread 3 ] DEBUG Engine               - urlPOM: https://raw.githubusercontent.com/AlmasB/FXGL/master/README.md
00:35:52.411 [FXGL Background Thread 3 ] DEBUG Engine               - version: 0.0
00:35:52.411 [FXGL Background Thread 3 ] DEBUG Engine               - versionCheckDays: 7
00:35:52.411 [FXGL Background Thread 3 ] DEBUG Engine               - width: 800
00:35:52.411 [FXGL Background Thread 3 ] DEBUG Engine               - Logging services
00:35:52.411 [FXGL Background Thread 3 ] DEBUG Engine               - class com.almasb.fxgl.app.FXGLApplication$GameApplicationService
00:35:52.411 [FXGL Background Thread 3 ] DEBUG Engine               - class com.almasb.fxgl.app.services.FXGLDialogService
00:35:52.411 [FXGL Background Thread 3 ] DEBUG Engine               - class com.almasb.fxgl.app.services.IOTaskExecutorService
00:35:52.411 [FXGL Background Thread 3 ] DEBUG Engine               - class com.almasb.fxgl.event.EventBusService
00:35:52.411 [FXGL Background Thread 3 ] DEBUG Engine               - class com.almasb.fxgl.io.FileSystemService
00:35:52.411 [FXGL Background Thread 3 ] DEBUG Engine               - class com.almasb.fxgl.localization.LocalizationService
00:35:52.412 [FXGL Background Thread 3 ] DEBUG Engine               - class com.almasb.fxgl.app.services.FXGLAssetLoaderService
00:35:52.412 [FXGL Background Thread 3 ] DEBUG Engine               - class com.almasb.fxgl.app.services.SystemBundleService
00:35:52.412 [FXGL Background Thread 3 ] DEBUG Engine               - class com.almasb.fxgl.profile.SaveLoadService
00:35:52.412 [FXGL Background Thread 3 ] DEBUG Engine               - class com.almasb.fxgl.ui.FXGLUIFactoryServiceProvider
00:35:52.412 [FXGL Background Thread 3 ] DEBUG Engine               - class com.almasb.fxgl.ui.FXGLDialogFactoryServiceProvider
00:35:52.412 [FXGL Background Thread 3 ] DEBUG Engine               - class com.almasb.fxgl.audio.AudioPlayer
00:35:52.412 [FXGL Background Thread 3 ] DEBUG Engine               - class com.almasb.fxgl.notification.impl.NotificationServiceProvider
00:35:52.412 [FXGL Background Thread 3 ] DEBUG Engine               - class com.almasb.fxgl.achievement.AchievementService
00:35:52.412 [FXGL Background Thread 3 ] DEBUG Engine               - class com.almasb.fxgl.cutscene.CutsceneService
00:35:52.412 [FXGL Background Thread 3 ] DEBUG Engine               - class com.almasb.fxgl.minigames.MiniGameService
00:35:52.412 [FXGL Background Thread 3 ] DEBUG Engine               - class com.almasb.fxgl.net.NetService
00:35:52.412 [FXGL Background Thread 3 ] DEBUG Engine               - class com.almasb.fxgl.app.services.UpdaterService
00:35:52.412 [FXGL Background Thread 3 ] DEBUG Engine               - class com.almasb.fxgl.dev.DevService
00:35:56.992 [JavaFX Application Thread] DEBUG MainWindow           - Push state: FXGLDefaultMenu
00:35:56.994 [JavaFX Application Thread] DEBUG Input                - Clearing active input actions
00:35:56.998 [JavaFX Application Thread] DEBUG GameApplicationServi - Removing overlay from GameScene and adding to FXGLDefaultMenu
00:35:56.999 [JavaFX Application Thread] DEBUG MainWindow           - GameScene -> FXGLDefaultMenu
00:36:06.655 [JavaFX Application Thread] DEBUG FXGL.DefaultMenu     - createContentGameplay()
00:36:07.222 [JavaFX Application Thread] DEBUG FXGL.DefaultMenu     - createContentControls()
00:36:09.259 [JavaFX Application Thread] DEBUG FXGL.DefaultMenu     - createContentVideo()
00:36:11.855 [JavaFX Application Thread] DEBUG FXGL.DefaultMenu     - createContentAudio()
00:36:13.006 [JavaFX Application Thread] DEBUG MainWindow           - Push state: DialogSubScene
00:36:13.007 [JavaFX Application Thread] DEBUG Input                - Clearing active input actions
00:36:13.008 [JavaFX Application Thread] DEBUG GameApplicationServi - Removing overlay from FXGLDefaultMenu and adding to DialogSubScene
00:36:13.008 [JavaFX Application Thread] DEBUG MainWindow           - FXGLDefaultMenu -> DialogSubScene
00:36:14.865 [JavaFX Application Thread] DEBUG MainWindow           - Pop state: DialogSubScene
00:36:14.865 [JavaFX Application Thread] DEBUG Input                - Clearing active input actions
00:36:14.866 [JavaFX Application Thread] DEBUG GameApplicationServi - Removing overlay from DialogSubScene and adding to FXGLDefaultMenu
00:36:14.866 [JavaFX Application Thread] DEBUG MainWindow           - FXGLDefaultMenu <- DialogSubScene
00:36:19.072 [JavaFX Application Thread] DEBUG MainWindow           - Pop state: FXGLDefaultMenu
00:36:19.072 [JavaFX Application Thread] DEBUG Input                - Clearing active input actions
00:36:19.073 [JavaFX Application Thread] DEBUG GameApplicationServi - Removing overlay from FXGLDefaultMenu and adding to GameScene
00:36:19.073 [JavaFX Application Thread] DEBUG MainWindow           - GameScene <- FXGLDefaultMenu
00:36:19.566 [JavaFX Application Thread] DEBUG MainWindow           - Push state: FXGLDefaultMenu
00:36:19.566 [JavaFX Application Thread] DEBUG Input                - Clearing active input actions
00:36:19.568 [JavaFX Application Thread] DEBUG GameApplicationServi - Removing overlay from GameScene and adding to FXGLDefaultMenu
00:36:19.568 [JavaFX Application Thread] DEBUG MainWindow           - GameScene -> FXGLDefaultMenu
00:36:20.158 [JavaFX Application Thread] DEBUG MainWindow           - Pop state: FXGLDefaultMenu
00:36:20.158 [JavaFX Application Thread] DEBUG Input                - Clearing active input actions
00:36:20.159 [JavaFX Application Thread] DEBUG GameApplicationServi - Removing overlay from FXGLDefaultMenu and adding to GameScene
00:36:20.159 [JavaFX Application Thread] DEBUG MainWindow           - GameScene <- FXGLDefaultMenu
00:36:20.654 [JavaFX Application Thread] DEBUG MainWindow           - Push state: FXGLDefaultMenu
00:36:20.654 [JavaFX Application Thread] DEBUG Input                - Clearing active input actions
00:36:20.655 [JavaFX Application Thread] DEBUG GameApplicationServi - Removing overlay from GameScene and adding to FXGLDefaultMenu
00:36:20.655 [JavaFX Application Thread] DEBUG MainWindow           - GameScene -> FXGLDefaultMenu
00:36:22.443 [JavaFX Application Thread] DEBUG Menu                 - fireExit()
00:36:22.444 [JavaFX Application Thread] DEBUG MainWindow           - Push state: DialogSubScene
00:36:22.444 [JavaFX Application Thread] DEBUG Input                - Clearing active input actions
00:36:22.444 [JavaFX Application Thread] DEBUG GameApplicationServi - Removing overlay from FXGLDefaultMenu and adding to DialogSubScene
00:36:22.444 [JavaFX Application Thread] DEBUG MainWindow           - FXGLDefaultMenu -> DialogSubScene
00:36:26.324 [JavaFX Application Thread] DEBUG MainWindow           - Pop state: DialogSubScene
00:36:26.324 [JavaFX Application Thread] DEBUG Input                - Clearing active input actions
00:36:26.324 [JavaFX Application Thread] DEBUG GameApplicationServi - Removing overlay from DialogSubScene and adding to FXGLDefaultMenu
00:36:26.324 [JavaFX Application Thread] DEBUG MainWindow           - FXGLDefaultMenu <- DialogSubScene
00:36:26.324 [JavaFX Application Thread] DEBUG FXGLApplication      - Exiting FXGL
00:36:26.324 [JavaFX Application Thread] DEBUG LoopRunner           - Stopping loop
00:36:26.324 [JavaFX Application Thread] DEBUG SystemBundleService  - Saving FXGL system data
00:36:26.326 [JavaFX Application Thread] DEBUG FileSystemAccess     - Writing to: C:\Users\mikeg\eclipse-workspace\jfxclient\system\fxgl.bundle
00:36:26.327 [JavaFX Application Thread] DEBUG Async                - Shutting down background threads
00:36:26.327 [JavaFX Application Thread] DEBUG MainWindow           - Closing main window
00:36:26.335 [JavaFX Application Thread] DEBUG Logger               - Closing Logger
